<?xml version="1.0" encoding="UTF-8"?>
<!-- Generated by org.testng.reporters.JUnitReportReporter -->
<testsuite hostname="User-PC" failures="0" tests="1" name="com.w2a.testcases.LoginTest" time="4.693" errors="0" timestamp="2019-07-19T13:48:16 EEST" skipped="0">
  <testcase classname="com.w2a.testcases.LoginTest" name="loginAsBackManager" time="4.693"/>
</testsuite> <!-- com.w2a.testcases.LoginTest -->
